[0m[[0m[0mdebug[0m] [0m[0m> Exec(;Test/compile; collectAnalyses, None, Some(CommandSource(network-4)))[0m
[0m[[0m[0mdebug[0m] [0m[0munmatched Processing event for requestId None: None[0m
[0m[[0m[0mdebug[0m] [0m[0munmatched Done event for requestId None: None[0m
[0m[[0m[0mdebug[0m] [0m[0m> Exec(Test/compile, None, Some(CommandSource(network-4)))[0m
[0m[[0m[0mdebug[0m] [0m[0munmatched Processing event for requestId None: None[0m
[0m[[0m[0mdebug[0m] [0m[0mEvaluating tasks: Test / compile[0m
[0m[[0m[0mdebug[0m] [0m[0mRunning task... Cancel: Signal, check cycles: false, forcegc: true[0m
[0m[[0m[0mdebug[0m] [0m[0mjsonRpcNotify: JsonRpcNotificationMessage(2.0, build/taskStart, {"taskId":{"id":"25","parents":[]},"eventTime":1644443907888,"message":"Compiling interpretador","dataKind":"compile-task","data":{"target":{"uri":"file:/home/ubuntu/Leonardo/Programa%C3%A7%C3%A3o/Scala/Interpretador/#interpretador/Compile"}}})[0m
[0m[[0m[0minfo[0m] [0m[0mcompiling 2 Scala sources to /home/ubuntu/Leonardo/Programação/Scala/Interpretador/target/scala-2.12/classes ...[0m
[0m[[0m[0mdebug[0m] [0m[0mjsonRpcNotify: JsonRpcNotificationMessage(2.0, build/logMessage, {"type":3,"message":"compiling 2 Scala sources to /home/ubuntu/Leonardo/Programação/Scala/Interpretador/target/scala-2.12/classes ..."})[0m
[0m[[0m[0mdebug[0m] [0m[0mjsonRpcNotify: JsonRpcNotificationMessage(2.0, build/taskProgress, {"taskId":{"id":"25","parents":[]},"eventTime":1644443908093,"message":"Compiling interpretador (5%)","total":52,"progress":5,"dataKind":"compile-progress","data":{"target":{"uri":"file:/home/ubuntu/Leonardo/Programa%C3%A7%C3%A3o/Scala/Interpretador/#interpretador/Compile"}}})[0m
[0m[[0m[0mdebug[0m] [0m[0mjsonRpcNotify: JsonRpcNotificationMessage(2.0, build/publishDiagnostics, {"textDocument":{"uri":"file:///home/ubuntu/Leonardo/Programa%C3%A7%C3%A3o/Scala/Interpretador/src/main/scala/sewlang/interpreter/ExpInterpreter.scala"},"buildTarget":{"uri":"file:/home/ubuntu/Leonardo/Programa%C3%A7%C3%A3o/Scala/Interpretador/#interpretador/Compile"},"diagnostics":[{"range":{"start":{"line":60,"character":50},"end":{"line":60,"character":51}},"severity":1,"source":"sbt","message":"not found: value readString"}],"reset":false})[0m
[0m[[0m[31merror[0m] [0m[0m/home/ubuntu/Leonardo/Programação/Scala/Interpretador/src/main/scala/sewlang/interpreter/ExpInterpreter.scala:61:51: not found: value readString[0m
[0m[[0m[31merror[0m] [0m[0m    case ReadStrExp                    => StringV(readString())[0m
[0m[[0m[31merror[0m] [0m[0m                                                  ^[0m
[0m[[0m[0mdebug[0m] [0m[0mjsonRpcNotify: JsonRpcNotificationMessage(2.0, build/logMessage, {"type":1,"message":"/home/ubuntu/Leonardo/Programação/Scala/Interpretador/src/main/scala/sewlang/interpreter/ExpInterpreter.scala:61:51: not found: value readString"})[0m
[0m[[0m[0mdebug[0m] [0m[0mjsonRpcNotify: JsonRpcNotificationMessage(2.0, build/logMessage, {"type":1,"message":"    case ReadStrExp                    => StringV(readString())"})[0m
[0m[[0m[0mdebug[0m] [0m[0mjsonRpcNotify: JsonRpcNotificationMessage(2.0, build/logMessage, {"type":1,"message":"                                                  ^"})[0m
[0m[[0m[0mdebug[0m] [0m[0mjsonRpcNotify: JsonRpcNotificationMessage(2.0, build/publishDiagnostics, {"textDocument":{"uri":"file:///home/ubuntu/Leonardo/Programa%C3%A7%C3%A3o/Scala/Interpretador/src/main/scala/sexpr/parser/SExprParser.scala"},"buildTarget":{"uri":"file:/home/ubuntu/Leonardo/Programa%C3%A7%C3%A3o/Scala/Interpretador/#interpretador/Compile"},"diagnostics":[{"range":{"start":{"line":2,"character":18},"end":{"line":2,"character":19}},"severity":1,"source":"sbt","message":"object parsing is not a member of package util"}],"reset":false})[0m
[0m[[0m[31merror[0m] [0m[0m/home/ubuntu/Leonardo/Programação/Scala/Interpretador/src/main/scala/sexpr/parser/SExprParser.scala:3:19: object parsing is not a member of package util[0m
[0m[[0m[31merror[0m] [0m[0mimport scala.util.parsing.combinator.RegexParsers[0m
[0m[[0m[31merror[0m] [0m[0m                  ^[0m
[0m[[0m[0mdebug[0m] [0m[0mjsonRpcNotify: JsonRpcNotificationMessage(2.0, build/logMessage, {"type":1,"message":"/home/ubuntu/Leonardo/Programação/Scala/Interpretador/src/main/scala/sexpr/parser/SExprParser.scala:3:19: object parsing is not a member of package util"})[0m
[0m[[0m[0mdebug[0m] [0m[0mjsonRpcNotify: JsonRpcNotificationMessage(2.0, build/logMessage, {"type":1,"message":"import scala.util.parsing.combinator.RegexParsers"})[0m
[0m[[0m[0mdebug[0m] [0m[0mjsonRpcNotify: JsonRpcNotificationMessage(2.0, build/logMessage, {"type":1,"message":"                  ^"})[0m
[0m[[0m[0mdebug[0m] [0m[0mjsonRpcNotify: JsonRpcNotificationMessage(2.0, build/publishDiagnostics, {"textDocument":{"uri":"file:///home/ubuntu/Leonardo/Programa%C3%A7%C3%A3o/Scala/Interpretador/src/main/scala/sexpr/parser/SExprParser.scala"},"buildTarget":{"uri":"file:/home/ubuntu/Leonardo/Programa%C3%A7%C3%A3o/Scala/Interpretador/#interpretador/Compile"},"diagnostics":[{"range":{"start":{"line":7,"character":27},"end":{"line":7,"character":28}},"severity":1,"source":"sbt","message":"not found: type RegexParsers"}],"reset":false})[0m
[0m[[0m[31merror[0m] [0m[0m/home/ubuntu/Leonardo/Programação/Scala/Interpretador/src/main/scala/sexpr/parser/SExprParser.scala:8:28: not found: type RegexParsers[0m
[0m[[0m[31merror[0m] [0m[0mobject SExprParser extends RegexParsers {[0m
[0m[[0m[31merror[0m] [0m[0m                           ^[0m
[0m[[0m[0mdebug[0m] [0m[0mjsonRpcNotify: JsonRpcNotificationMessage(2.0, build/logMessage, {"type":1,"message":"/home/ubuntu/Leonardo/Programação/Scala/Interpretador/src/main/scala/sexpr/parser/SExprParser.scala:8:28: not found: type RegexParsers"})[0m
[0m[[0m[0mdebug[0m] [0m[0mjsonRpcNotify: JsonRpcNotificationMessage(2.0, build/logMessage, {"type":1,"message":"object SExprParser extends RegexParsers {"})[0m
[0m[[0m[0mdebug[0m] [0m[0mjsonRpcNotify: JsonRpcNotificationMessage(2.0, build/logMessage, {"type":1,"message":"                           ^"})[0m
[0m[[0m[0mdebug[0m] [0m[0mjsonRpcNotify: JsonRpcNotificationMessage(2.0, build/publishDiagnostics, {"textDocument":{"uri":"file:///home/ubuntu/Leonardo/Programa%C3%A7%C3%A3o/Scala/Interpretador/src/main/scala/sexpr/parser/SExprParser.scala"},"buildTarget":{"uri":"file:/home/ubuntu/Leonardo/Programa%C3%A7%C3%A3o/Scala/Interpretador/#interpretador/Compile"},"diagnostics":[{"range":{"start":{"line":9,"character":14},"end":{"line":9,"character":15}},"severity":1,"source":"sbt","message":"not found: type Parser"}],"reset":false})[0m
[0m[[0m[31merror[0m] [0m[0m/home/ubuntu/Leonardo/Programação/Scala/Interpretador/src/main/scala/sexpr/parser/SExprParser.scala:10:15: not found: type Parser[0m
[0m[[0m[31merror[0m] [0m[0m  def number: Parser[SNum] = ("""[-+]?[0-9]*\.?[0-9]+""".r) ^^ { (num: String) => SNum(num.toDouble) }[0m
[0m[[0m[31merror[0m] [0m[0m              ^[0m
[0m[[0m[0mdebug[0m] [0m[0mjsonRpcNotify: JsonRpcNotificationMessage(2.0, build/logMessage, {"type":1,"message":"/home/ubuntu/Leonardo/Programação/Scala/Interpretador/src/main/scala/sexpr/parser/SExprParser.scala:10:15: not found: type Parser"})[0m
[0m[[0m[0mdebug[0m] [0m[0mjsonRpcNotify: JsonRpcNotificationMessage(2.0, build/logMessage, {"type":1,"message":"  def number: Parser[SNum] = (\"\"\"[-+]?[0-9]*\\.?[0-9]+\"\"\".r) ^^ { (num: String) => SNum(num.toDouble) }"})[0m
[0m[[0m[0mdebug[0m] [0m[0mjsonRpcNotify: JsonRpcNotificationMessage(2.0, build/logMessage, {"type":1,"message":"              ^"})[0m
[0m[[0m[0mdebug[0m] [0m[0mjsonRpcNotify: JsonRpcNotificationMessage(2.0, build/publishDiagnostics, {"textDocument":{"uri":"file:///home/ubuntu/Leonardo/Programa%C3%A7%C3%A3o/Scala/Interpretador/src/main/scala/sexpr/parser/SExprParser.scala"},"buildTarget":{"uri":"file:/home/ubuntu/Leonardo/Programa%C3%A7%C3%A3o/Scala/Interpretador/#interpretador/Compile"},"diagnostics":[{"range":{"start":{"line":9,"character":60},"end":{"line":9,"character":62}},"severity":1,"source":"sbt","message":"value ^^ is not a member of scala.util.matching.Regex"}],"reset":false})[0m
[0m[[0m[31merror[0m] [0m[0m/home/ubuntu/Leonardo/Programação/Scala/Interpretador/src/main/scala/sexpr/parser/SExprParser.scala:10:61: value ^^ is not a member of scala.util.matching.Regex[0m
[0m[[0m[31merror[0m] [0m[0m  def number: Parser[SNum] = ("""[-+]?[0-9]*\.?[0-9]+""".r) ^^ { (num: String) => SNum(num.toDouble) }[0m
[0m[[0m[31merror[0m] [0m[0m                                                            ^[0m
[0m[[0m[0mdebug[0m] [0m[0mjsonRpcNotify: JsonRpcNotificationMessage(2.0, build/logMessage, {"type":1,"message":"/home/ubuntu/Leonardo/Programação/Scala/Interpretador/src/main/scala/sexpr/parser/SExprParser.scala:10:61: value ^^ is not a member of scala.util.matching.Regex"})[0m
[0m[[0m[0mdebug[0m] [0m[0mjsonRpcNotify: JsonRpcNotificationMessage(2.0, build/logMessage, {"type":1,"message":"  def number: Parser[SNum] = (\"\"\"[-+]?[0-9]*\\.?[0-9]+\"\"\".r) ^^ { (num: String) => SNum(num.toDouble) }"})[0m
[0m[[0m[0mdebug[0m] [0m[0mjsonRpcNotify: JsonRpcNotificationMessage(2.0, build/logMessage, {"type":1,"message":"                                                            ^"})[0m
[0m[[0m[0mdebug[0m] [0m[0mjsonRpcNotify: JsonRpcNotificationMessage(2.0, build/publishDiagnostics, {"textDocument":{"uri":"file:///home/ubuntu/Leonardo/Programa%C3%A7%C3%A3o/Scala/Interpretador/src/main/scala/sexpr/parser/SExprParser.scala"},"buildTarget":{"uri":"file:/home/ubuntu/Leonardo/Programa%C3%A7%C3%A3o/Scala/Interpretador/#interpretador/Compile"},"diagnostics":[{"range":{"start":{"line":11,"character":14},"end":{"line":11,"character":15}},"severity":1,"source":"sbt","message":"not found: type Parser"}],"reset":false})[0m
[0m[[0m[31merror[0m] [0m[0m/home/ubuntu/Leonardo/Programação/Scala/Interpretador/src/main/scala/sexpr/parser/SExprParser.scala:12:15: not found: type Parser[0m
[0m[[0m[31merror[0m] [0m[0m  def string: Parser[SString] = ("""\"[^\"]*\"""".r) ^^ { (str: String) => SString(str.substring(1, str.size - 1)) }[0m
[0m[[0m[31merror[0m] [0m[0m              ^[0m
[0m[[0m[0mdebug[0m] [0m[0mjsonRpcNotify: JsonRpcNotificationMessage(2.0, build/logMessage, {"type":1,"message":"/home/ubuntu/Leonardo/Programação/Scala/Interpretador/src/main/scala/sexpr/parser/SExprParser.scala:12:15: not found: type Parser"})[0m
[0m[[0m[0mdebug[0m] [0m[0mjsonRpcNotify: JsonRpcNotificationMessage(2.0, build/logMessage, {"type":1,"message":"  def string: Parser[SString] = (\"\"\"\\\"[^\\\"]*\\\"\"\"\".r) ^^ { (str: String) => SString(str.substring(1, str.size - 1)) }"})[0m
[0m[[0m[0mdebug[0m] [0m[0mjsonRpcNotify: JsonRpcNotificationMessage(2.0, build/logMessage, {"type":1,"message":"              ^"})[0m
[0m[[0m[0mdebug[0m] [0m[0mjsonRpcNotify: JsonRpcNotificationMessage(2.0, build/publishDiagnostics, {"textDocument":{"uri":"file:///home/ubuntu/Leonardo/Programa%C3%A7%C3%A3o/Scala/Interpretador/src/main/scala/sexpr/parser/SExprParser.scala"},"buildTarget":{"uri":"file:/home/ubuntu/Leonardo/Programa%C3%A7%C3%A3o/Scala/Interpretador/#interpretador/Compile"},"diagnostics":[{"range":{"start":{"line":11,"character":53},"end":{"line":11,"character":55}},"severity":1,"source":"sbt","message":"value ^^ is not a member of scala.util.matching.Regex"}],"reset":false})[0m
[0m[[0m[31merror[0m] [0m[0m/home/ubuntu/Leonardo/Programação/Scala/Interpretador/src/main/scala/sexpr/parser/SExprParser.scala:12:54: value ^^ is not a member of scala.util.matching.Regex[0m
[0m[[0m[31merror[0m] [0m[0m  def string: Parser[SString] = ("""\"[^\"]*\"""".r) ^^ { (str: String) => SString(str.substring(1, str.size - 1)) }[0m
[0m[[0m[31merror[0m] [0m[0m                                                     ^[0m
[0m[[0m[0mdebug[0m] [0m[0mjsonRpcNotify: JsonRpcNotificationMessage(2.0, build/logMessage, {"type":1,"message":"/home/ubuntu/Leonardo/Programação/Scala/Interpretador/src/main/scala/sexpr/parser/SExprParser.scala:12:54: value ^^ is not a member of scala.util.matching.Regex"})[0m
[0m[[0m[0mdebug[0m] [0m[0mjsonRpcNotify: JsonRpcNotificationMessage(2.0, build/logMessage, {"type":1,"message":"  def string: Parser[SString] = (\"\"\"\\\"[^\\\"]*\\\"\"\"\".r) ^^ { (str: String) => SString(str.substring(1, str.size - 1)) }"})[0m
[0m[[0m[0mdebug[0m] [0m[0mjsonRpcNotify: JsonRpcNotificationMessage(2.0, build/logMessage, {"type":1,"message":"                                                     ^"})[0m
[0m[[0m[0mdebug[0m] [0m[0mjsonRpcNotify: JsonRpcNotificationMessage(2.0, build/publishDiagnostics, {"textDocument":{"uri":"file:///home/ubuntu/Leonardo/Programa%C3%A7%C3%A3o/Scala/Interpretador/src/main/scala/sexpr/parser/SExprParser.scala"},"buildTarget":{"uri":"file:/home/ubuntu/Leonardo/Programa%C3%A7%C3%A3o/Scala/Interpretador/#interpretador/Compile"},"diagnostics":[{"range":{"start":{"line":13,"character":14},"end":{"line":13,"character":15}},"severity":1,"source":"sbt","message":"not found: type Parser"}],"reset":false})[0m
[0m[[0m[31merror[0m] [0m[0m/home/ubuntu/Leonardo/Programação/Scala/Interpretador/src/main/scala/sexpr/parser/SExprParser.scala:14:15: not found: type Parser[0m
[0m[[0m[31merror[0m] [0m[0m  def symbol: Parser[SSym] = ("""[\w\-+*=<>/]+""".r) ^^ { (str: String) => SSym(str) }[0m
[0m[[0m[31merror[0m] [0m[0m              ^[0m
[0m[[0m[0mdebug[0m] [0m[0mjsonRpcNotify: JsonRpcNotificationMessage(2.0, build/logMessage, {"type":1,"message":"/home/ubuntu/Leonardo/Programação/Scala/Interpretador/src/main/scala/sexpr/parser/SExprParser.scala:14:15: not found: type Parser"})[0m
[0m[[0m[0mdebug[0m] [0m[0mjsonRpcNotify: JsonRpcNotificationMessage(2.0, build/logMessage, {"type":1,"message":"  def symbol: Parser[SSym] = (\"\"\"[\\w\\-+*=<>/]+\"\"\".r) ^^ { (str: String) => SSym(str) }"})[0m
[0m[[0m[0mdebug[0m] [0m[0mjsonRpcNotify: JsonRpcNotificationMessage(2.0, build/logMessage, {"type":1,"message":"              ^"})[0m
[0m[[0m[0mdebug[0m] [0m[0mjsonRpcNotify: JsonRpcNotificationMessage(2.0, build/publishDiagnostics, {"textDocument":{"uri":"file:///home/ubuntu/Leonardo/Programa%C3%A7%C3%A3o/Scala/Interpretador/src/main/scala/sexpr/parser/SExprParser.scala"},"buildTarget":{"uri":"file:/home/ubuntu/Leonardo/Programa%C3%A7%C3%A3o/Scala/Interpretador/#interpretador/Compile"},"diagnostics":[{"range":{"start":{"line":13,"character":53},"end":{"line":13,"character":55}},"severity":1,"source":"sbt","message":"value ^^ is not a member of scala.util.matching.Regex"}],"reset":false})[0m
[0m[[0m[31merror[0m] [0m[0m/home/ubuntu/Leonardo/Programação/Scala/Interpretador/src/main/scala/sexpr/parser/SExprParser.scala:14:54: value ^^ is not a member of scala.util.matching.Regex[0m
[0m[[0m[31merror[0m] [0m[0m  def symbol: Parser[SSym] = ("""[\w\-+*=<>/]+""".r) ^^ { (str: String) => SSym(str) }[0m
[0m[[0m[31merror[0m] [0m[0m                                                     ^[0m
[0m[[0m[0mdebug[0m] [0m[0mjsonRpcNotify: JsonRpcNotificationMessage(2.0, build/logMessage, {"type":1,"message":"/home/ubuntu/Leonardo/Programação/Scala/Interpretador/src/main/scala/sexpr/parser/SExprParser.scala:14:54: value ^^ is not a member of scala.util.matching.Regex"})[0m
[0m[[0m[0mdebug[0m] [0m[0mjsonRpcNotify: JsonRpcNotificationMessage(2.0, build/logMessage, {"type":1,"message":"  def symbol: Parser[SSym] = (\"\"\"[\\w\\-+*=<>/]+\"\"\".r) ^^ { (str: String) => SSym(str) }"})[0m
[0m[[0m[0mdebug[0m] [0m[0mjsonRpcNotify: JsonRpcNotificationMessage(2.0, build/logMessage, {"type":1,"message":"                                                     ^"})[0m
[0m[[0m[0mdebug[0m] [0m[0mjsonRpcNotify: JsonRpcNotificationMessage(2.0, build/publishDiagnostics, {"textDocument":{"uri":"file:///home/ubuntu/Leonardo/Programa%C3%A7%C3%A3o/Scala/Interpretador/src/main/scala/sexpr/parser/SExprParser.scala"},"buildTarget":{"uri":"file:/home/ubuntu/Leonardo/Programa%C3%A7%C3%A3o/Scala/Interpretador/#interpretador/Compile"},"diagnostics":[{"range":{"start":{"line":15,"character":12},"end":{"line":15,"character":13}},"severity":1,"source":"sbt","message":"not found: type Parser"}],"reset":false})[0m
[0m[[0m[31merror[0m] [0m[0m/home/ubuntu/Leonardo/Programação/Scala/Interpretador/src/main/scala/sexpr/parser/SExprParser.scala:16:13: not found: type Parser[0m
[0m[[0m[31merror[0m] [0m[0m  def list: Parser[SList] = "(" ~> rep(sexpr) <~ ")" ^^ { exp => SList(exp) }[0m
[0m[[0m[31merror[0m] [0m[0m            ^[0m
[0m[[0m[0mdebug[0m] [0m[0mjsonRpcNotify: JsonRpcNotificationMessage(2.0, build/logMessage, {"type":1,"message":"/home/ubuntu/Leonardo/Programação/Scala/Interpretador/src/main/scala/sexpr/parser/SExprParser.scala:16:13: not found: type Parser"})[0m
[0m[[0m[0mdebug[0m] [0m[0mjsonRpcNotify: JsonRpcNotificationMessage(2.0, build/logMessage, {"type":1,"message":"  def list: Parser[SList] = \"(\" ~> rep(sexpr) <~ \")\" ^^ { exp => SList(exp) }"})[0m
[0m[[0m[0mdebug[0m] [0m[0mjsonRpcNotify: JsonRpcNotificationMessage(2.0, build/logMessage, {"type":1,"message":"            ^"})[0m
[0m[[0m[0mdebug[0m] [0m[0mjsonRpcNotify: JsonRpcNotificationMessage(2.0, build/publishDiagnostics, {"textDocument":{"uri":"file:///home/ubuntu/Leonardo/Programa%C3%A7%C3%A3o/Scala/Interpretador/src/main/scala/sexpr/parser/SExprParser.scala"},"buildTarget":{"uri":"file:/home/ubuntu/Leonardo/Programa%C3%A7%C3%A3o/Scala/Interpretador/#interpretador/Compile"},"diagnostics":[{"range":{"start":{"line":17,"character":13},"end":{"line":17,"character":14}},"severity":1,"source":"sbt","message":"not found: type Parser"}],"reset":false})[0m
[0m[[0m[31merror[0m] [0m[0m/home/ubuntu/Leonardo/Programação/Scala/Interpretador/src/main/scala/sexpr/parser/SExprParser.scala:18:14: not found: type Parser[0m
[0m[[0m[31merror[0m] [0m[0m  def sexpr: Parser[SExpr] = number | string | symbol | list[0m
[0m[[0m[31merror[0m] [0m[0m             ^[0m
[0m[[0m[0mdebug[0m] [0m[0mjsonRpcNotify: JsonRpcNotificationMessage(2.0, build/logMessage, {"type":1,"message":"/home/ubuntu/Leonardo/Programação/Scala/Interpretador/src/main/scala/sexpr/parser/SExprParser.scala:18:14: not found: type Parser"})[0m
[0m[[0m[0mdebug[0m] [0m[0mjsonRpcNotify: JsonRpcNotificationMessage(2.0, build/logMessage, {"type":1,"message":"  def sexpr: Parser[SExpr] = number | string | symbol | list"})[0m
[0m[[0m[0mdebug[0m] [0m[0mjsonRpcNotify: JsonRpcNotificationMessage(2.0, build/logMessage, {"type":1,"message":"             ^"})[0m
[0m[[0m[0mdebug[0m] [0m[0mjsonRpcNotify: JsonRpcNotificationMessage(2.0, build/publishDiagnostics, {"textDocument":{"uri":"file:///home/ubuntu/Leonardo/Programa%C3%A7%C3%A3o/Scala/Interpretador/src/main/scala/sexpr/parser/SExprParser.scala"},"buildTarget":{"uri":"file:/home/ubuntu/Leonardo/Programa%C3%A7%C3%A3o/Scala/Interpretador/#interpretador/Compile"},"diagnostics":[{"range":{"start":{"line":15,"character":32},"end":{"line":15,"character":34}},"severity":1,"source":"sbt","message":"value ~> is not a member of String"}],"reset":false})[0m
[0m[[0m[31merror[0m] [0m[0m/home/ubuntu/Leonardo/Programação/Scala/Interpretador/src/main/scala/sexpr/parser/SExprParser.scala:16:33: value ~> is not a member of String[0m
[0m[[0m[31merror[0m] [0m[0m  def list: Parser[SList] = "(" ~> rep(sexpr) <~ ")" ^^ { exp => SList(exp) }[0m
[0m[[0m[31merror[0m] [0m[0m                                ^[0m
[0m[[0m[0mdebug[0m] [0m[0mjsonRpcNotify: JsonRpcNotificationMessage(2.0, build/logMessage, {"type":1,"message":"/home/ubuntu/Leonardo/Programação/Scala/Interpretador/src/main/scala/sexpr/parser/SExprParser.scala:16:33: value ~> is not a member of String"})[0m
[0m[[0m[0mdebug[0m] [0m[0mjsonRpcNotify: JsonRpcNotificationMessage(2.0, build/logMessage, {"type":1,"message":"  def list: Parser[SList] = \"(\" ~> rep(sexpr) <~ \")\" ^^ { exp => SList(exp) }"})[0m
[0m[[0m[0mdebug[0m] [0m[0mjsonRpcNotify: JsonRpcNotificationMessage(2.0, build/logMessage, {"type":1,"message":"                                ^"})[0m
[0m[[0m[0mdebug[0m] [0m[0mjsonRpcNotify: JsonRpcNotificationMessage(2.0, build/publishDiagnostics, {"textDocument":{"uri":"file:///home/ubuntu/Leonardo/Programa%C3%A7%C3%A3o/Scala/Interpretador/src/main/scala/sexpr/parser/SExprParser.scala"},"buildTarget":{"uri":"file:/home/ubuntu/Leonardo/Programa%C3%A7%C3%A3o/Scala/Interpretador/#interpretador/Compile"},"diagnostics":[{"range":{"start":{"line":15,"character":35},"end":{"line":15,"character":36}},"severity":1,"source":"sbt","message":"not found: value rep"}],"reset":false})[0m
[0m[[0m[31merror[0m] [0m[0m/home/ubuntu/Leonardo/Programação/Scala/Interpretador/src/main/scala/sexpr/parser/SExprParser.scala:16:36: not found: value rep[0m
[0m[[0m[31merror[0m] [0m[0m  def list: Parser[SList] = "(" ~> rep(sexpr) <~ ")" ^^ { exp => SList(exp) }[0m
[0m[[0m[31merror[0m] [0m[0m                                   ^[0m
[0m[[0m[0mdebug[0m] [0m[0mjsonRpcNotify: JsonRpcNotificationMessage(2.0, build/logMessage, {"type":1,"message":"/home/ubuntu/Leonardo/Programação/Scala/Interpretador/src/main/scala/sexpr/parser/SExprParser.scala:16:36: not found: value rep"})[0m
[0m[[0m[0mdebug[0m] [0m[0mjsonRpcNotify: JsonRpcNotificationMessage(2.0, build/logMessage, {"type":1,"message":"  def list: Parser[SList] = \"(\" ~> rep(sexpr) <~ \")\" ^^ { exp => SList(exp) }"})[0m
[0m[[0m[0mdebug[0m] [0m[0mjsonRpcNotify: JsonRpcNotificationMessage(2.0, build/logMessage, {"type":1,"message":"                                   ^"})[0m
[0m[[0m[0mdebug[0m] [0m[0mjsonRpcNotify: JsonRpcNotificationMessage(2.0, build/publishDiagnostics, {"textDocument":{"uri":"file:///home/ubuntu/Leonardo/Programa%C3%A7%C3%A3o/Scala/Interpretador/src/main/scala/sexpr/parser/SExprParser.scala"},"buildTarget":{"uri":"file:/home/ubuntu/Leonardo/Programa%C3%A7%C3%A3o/Scala/Interpretador/#interpretador/Compile"},"diagnostics":[{"range":{"start":{"line":19,"character":17},"end":{"line":19,"character":18}},"severity":1,"source":"sbt","message":"not found: type Parser"}],"reset":false})[0m
[0m[[0m[31merror[0m] [0m[0m/home/ubuntu/Leonardo/Programação/Scala/Interpretador/src/main/scala/sexpr/parser/SExprParser.scala:20:18: not found: type Parser[0m
[0m[[0m[31merror[0m] [0m[0m  def sexprList: Parser[List[SExpr]] = rep(sexpr) ^^ { exp => exp }[0m
[0m[[0m[31merror[0m] [0m[0m                 ^[0m
[0m[[0m[0mdebug[0m] [0m[0mjsonRpcNotify: JsonRpcNotificationMessage(2.0, build/logMessage, {"type":1,"message":"/home/ubuntu/Leonardo/Programação/Scala/Interpretador/src/main/scala/sexpr/parser/SExprParser.scala:20:18: not found: type Parser"})[0m
[0m[[0m[0mdebug[0m] [0m[0mjsonRpcNotify: JsonRpcNotificationMessage(2.0, build/logMessage, {"type":1,"message":"  def sexprList: Parser[List[SExpr]] = rep(sexpr) ^^ { exp => exp }"})[0m
[0m[[0m[0mdebug[0m] [0m[0mjsonRpcNotify: JsonRpcNotificationMessage(2.0, build/logMessage, {"type":1,"message":"                 ^"})[0m
[0m[[0m[0mdebug[0m] [0m[0mjsonRpcNotify: JsonRpcNotificationMessage(2.0, build/publishDiagnostics, {"textDocument":{"uri":"file:///home/ubuntu/Leonardo/Programa%C3%A7%C3%A3o/Scala/Interpretador/src/main/scala/sexpr/parser/SExprParser.scala"},"buildTarget":{"uri":"file:/home/ubuntu/Leonardo/Programa%C3%A7%C3%A3o/Scala/Interpretador/#interpretador/Compile"},"diagnostics":[{"range":{"start":{"line":19,"character":39},"end":{"line":19,"character":40}},"severity":1,"source":"sbt","message":"not found: value rep"}],"reset":false})[0m
[0m[[0m[31merror[0m] [0m[0m/home/ubuntu/Leonardo/Programação/Scala/Interpretador/src/main/scala/sexpr/parser/SExprParser.scala:20:40: not found: value rep[0m
[0m[[0m[31merror[0m] [0m[0m  def sexprList: Parser[List[SExpr]] = rep(sexpr) ^^ { exp => exp }[0m
[0m[[0m[31merror[0m] [0m[0m                                       ^[0m
[0m[[0m[0mdebug[0m] [0m[0mjsonRpcNotify: JsonRpcNotificationMessage(2.0, build/logMessage, {"type":1,"message":"/home/ubuntu/Leonardo/Programação/Scala/Interpretador/src/main/scala/sexpr/parser/SExprParser.scala:20:40: not found: value rep"})[0m
[0m[[0m[0mdebug[0m] [0m[0mjsonRpcNotify: JsonRpcNotificationMessage(2.0, build/logMessage, {"type":1,"message":"  def sexprList: Parser[List[SExpr]] = rep(sexpr) ^^ { exp => exp }"})[0m
[0m[[0m[0mdebug[0m] [0m[0mjsonRpcNotify: JsonRpcNotificationMessage(2.0, build/logMessage, {"type":1,"message":"                                       ^"})[0m
[0m[[0m[0mdebug[0m] [0m[0mjsonRpcNotify: JsonRpcNotificationMessage(2.0, build/publishDiagnostics, {"textDocument":{"uri":"file:///home/ubuntu/Leonardo/Programa%C3%A7%C3%A3o/Scala/Interpretador/src/main/scala/sexpr/parser/SExprParser.scala"},"buildTarget":{"uri":"file:/home/ubuntu/Leonardo/Programa%C3%A7%C3%A3o/Scala/Interpretador/#interpretador/Compile"},"diagnostics":[{"range":{"start":{"line":21,"character":42},"end":{"line":21,"character":43}},"severity":1,"source":"sbt","message":"value parseAll is not a member of AnyRef"}],"reset":false})[0m
[0m[[0m[31merror[0m] [0m[0m/home/ubuntu/Leonardo/Programação/Scala/Interpretador/src/main/scala/sexpr/parser/SExprParser.scala:22:43: value parseAll is not a member of AnyRef[0m
[0m[[0m[31merror[0m] [0m[0m  def parse(input: String): SExpr = super.parseAll(sexpr, input) match {[0m
[0m[[0m[31merror[0m] [0m[0m                                          ^[0m
[0m[[0m[0mdebug[0m] [0m[0mjsonRpcNotify: JsonRpcNotificationMessage(2.0, build/logMessage, {"type":1,"message":"/home/ubuntu/Leonardo/Programação/Scala/Interpretador/src/main/scala/sexpr/parser/SExprParser.scala:22:43: value parseAll is not a member of AnyRef"})[0m
[0m[[0m[0mdebug[0m] [0m[0mjsonRpcNotify: JsonRpcNotificationMessage(2.0, build/logMessage, {"type":1,"message":"  def parse(input: String): SExpr = super.parseAll(sexpr, input) match {"})[0m
[0m[[0m[0mdebug[0m] [0m[0mjsonRpcNotify: JsonRpcNotificationMessage(2.0, build/logMessage, {"type":1,"message":"                                          ^"})[0m
[0m[[0m[0mdebug[0m] [0m[0mjsonRpcNotify: JsonRpcNotificationMessage(2.0, build/publishDiagnostics, {"textDocument":{"uri":"file:///home/ubuntu/Leonardo/Programa%C3%A7%C3%A3o/Scala/Interpretador/src/main/scala/sexpr/parser/SExprParser.scala"},"buildTarget":{"uri":"file:/home/ubuntu/Leonardo/Programa%C3%A7%C3%A3o/Scala/Interpretador/#interpretador/Compile"},"diagnostics":[{"range":{"start":{"line":22,"character":9},"end":{"line":22,"character":10}},"severity":1,"source":"sbt","message":"not found: value Success"}],"reset":false})[0m
[0m[[0m[31merror[0m] [0m[0m/home/ubuntu/Leonardo/Programação/Scala/Interpretador/src/main/scala/sexpr/parser/SExprParser.scala:23:10: not found: value Success[0m
[0m[[0m[31merror[0m] [0m[0m    case Success(sexpr, _) => sexpr[0m
[0m[[0m[31merror[0m] [0m[0m         ^[0m
[0m[[0m[0mdebug[0m] [0m[0mjsonRpcNotify: JsonRpcNotificationMessage(2.0, build/logMessage, {"type":1,"message":"/home/ubuntu/Leonardo/Programação/Scala/Interpretador/src/main/scala/sexpr/parser/SExprParser.scala:23:10: not found: value Success"})[0m
[0m[[0m[0mdebug[0m] [0m[0mjsonRpcNotify: JsonRpcNotificationMessage(2.0, build/logMessage, {"type":1,"message":"    case Success(sexpr, _) => sexpr"})[0m
[0m[[0m[0mdebug[0m] [0m[0mjsonRpcNotify: JsonRpcNotificationMessage(2.0, build/logMessage, {"type":1,"message":"         ^"})[0m
[0m[[0m[0mdebug[0m] [0m[0mjsonRpcNotify: JsonRpcNotificationMessage(2.0, build/publishDiagnostics, {"textDocument":{"uri":"file:///home/ubuntu/Leonardo/Programa%C3%A7%C3%A3o/Scala/Interpretador/src/main/scala/sexpr/parser/SExprParser.scala"},"buildTarget":{"uri":"file:/home/ubuntu/Leonardo/Programa%C3%A7%C3%A3o/Scala/Interpretador/#interpretador/Compile"},"diagnostics":[{"range":{"start":{"line":23,"character":9},"end":{"line":23,"character":10}},"severity":1,"source":"sbt","message":"not found: value Failure"}],"reset":false})[0m
[0m[[0m[31merror[0m] [0m[0m/home/ubuntu/Leonardo/Programação/Scala/Interpretador/src/main/scala/sexpr/parser/SExprParser.scala:24:10: not found: value Failure[0m
[0m[[0m[31merror[0m] [0m[0m    case Failure(msg, _)   => throw SExprParserException(msg)[0m
[0m[[0m[31merror[0m] [0m[0m         ^[0m
[0m[[0m[0mdebug[0m] [0m[0mjsonRpcNotify: JsonRpcNotificationMessage(2.0, build/logMessage, {"type":1,"message":"/home/ubuntu/Leonardo/Programação/Scala/Interpretador/src/main/scala/sexpr/parser/SExprParser.scala:24:10: not found: value Failure"})[0m
[0m[[0m[0mdebug[0m] [0m[0mjsonRpcNotify: JsonRpcNotificationMessage(2.0, build/logMessage, {"type":1,"message":"    case Failure(msg, _)   => throw SExprParserException(msg)"})[0m
[0m[[0m[0mdebug[0m] [0m[0mjsonRpcNotify: JsonRpcNotificationMessage(2.0, build/logMessage, {"type":1,"message":"         ^"})[0m
[0m[[0m[0mdebug[0m] [0m[0mjsonRpcNotify: JsonRpcNotificationMessage(2.0, build/publishDiagnostics, {"textDocument":{"uri":"file:///home/ubuntu/Leonardo/Programa%C3%A7%C3%A3o/Scala/Interpretador/src/main/scala/sexpr/parser/SExprParser.scala"},"buildTarget":{"uri":"file:/home/ubuntu/Leonardo/Programa%C3%A7%C3%A3o/Scala/Interpretador/#interpretador/Compile"},"diagnostics":[{"range":{"start":{"line":24,"character":9},"end":{"line":24,"character":10}},"severity":1,"source":"sbt","message":"class Error is not a case class, nor does it have an unapply/unapplySeq member"}],"reset":false})[0m
[0m[[0m[31merror[0m] [0m[0m/home/ubuntu/Leonardo/Programação/Scala/Interpretador/src/main/scala/sexpr/parser/SExprParser.scala:25:10: class Error is not a case class, nor does it have an unapply/unapplySeq member[0m
[0m[[0m[31merror[0m] [0m[0m    case Error(msg, _)     => throw SExprParserException(msg)[0m
[0m[[0m[31merror[0m] [0m[0m         ^[0m
[0m[[0m[0mdebug[0m] [0m[0mjsonRpcNotify: JsonRpcNotificationMessage(2.0, build/logMessage, {"type":1,"message":"/home/ubuntu/Leonardo/Programação/Scala/Interpretador/src/main/scala/sexpr/parser/SExprParser.scala:25:10: class Error is not a case class, nor does it have an unapply/unapplySeq member"})[0m
[0m[[0m[0mdebug[0m] [0m[0mjsonRpcNotify: JsonRpcNotificationMessage(2.0, build/logMessage, {"type":1,"message":"    case Error(msg, _)     => throw SExprParserException(msg)"})[0m
[0m[[0m[0mdebug[0m] [0m[0mjsonRpcNotify: JsonRpcNotificationMessage(2.0, build/logMessage, {"type":1,"message":"         ^"})[0m
[0m[[0m[0mdebug[0m] [0m[0mjsonRpcNotify: JsonRpcNotificationMessage(2.0, build/publishDiagnostics, {"textDocument":{"uri":"file:///home/ubuntu/Leonardo/Programa%C3%A7%C3%A3o/Scala/Interpretador/src/main/scala/sexpr/parser/SExprParser.scala"},"buildTarget":{"uri":"file:/home/ubuntu/Leonardo/Programa%C3%A7%C3%A3o/Scala/Interpretador/#interpretador/Compile"},"diagnostics":[{"range":{"start":{"line":27,"character":52},"end":{"line":27,"character":53}},"severity":1,"source":"sbt","message":"value parseAll is not a member of AnyRef"}],"reset":false})[0m
[0m[[0m[31merror[0m] [0m[0m/home/ubuntu/Leonardo/Programação/Scala/Interpretador/src/main/scala/sexpr/parser/SExprParser.scala:28:53: value parseAll is not a member of AnyRef[0m
[0m[[0m[31merror[0m] [0m[0m  def parseList(input: String): List[SExpr] = super.parseAll(sexprList, input) match {[0m
[0m[[0m[31merror[0m] [0m[0m                                                    ^[0m
[0m[[0m[0mdebug[0m] [0m[0mjsonRpcNotify: JsonRpcNotificationMessage(2.0, build/logMessage, {"type":1,"message":"/home/ubuntu/Leonardo/Programação/Scala/Interpretador/src/main/scala/sexpr/parser/SExprParser.scala:28:53: value parseAll is not a member of AnyRef"})[0m
[0m[[0m[0mdebug[0m] [0m[0mjsonRpcNotify: JsonRpcNotificationMessage(2.0, build/logMessage, {"type":1,"message":"  def parseList(input: String): List[SExpr] = super.parseAll(sexprList, input) match {"})[0m
[0m[[0m[0mdebug[0m] [0m[0mjsonRpcNotify: JsonRpcNotificationMessage(2.0, build/logMessage, {"type":1,"message":"                                                    ^"})[0m
[0m[[0m[0mdebug[0m] [0m[0mjsonRpcNotify: JsonRpcNotificationMessage(2.0, build/publishDiagnostics, {"textDocument":{"uri":"file:///home/ubuntu/Leonardo/Programa%C3%A7%C3%A3o/Scala/Interpretador/src/main/scala/sexpr/parser/SExprParser.scala"},"buildTarget":{"uri":"file:/home/ubuntu/Leonardo/Programa%C3%A7%C3%A3o/Scala/Interpretador/#interpretador/Compile"},"diagnostics":[{"range":{"start":{"line":28,"character":9},"end":{"line":28,"character":10}},"severity":1,"source":"sbt","message":"not found: value Success"}],"reset":false})[0m
[0m[[0m[31merror[0m] [0m[0m/home/ubuntu/Leonardo/Programação/Scala/Interpretador/src/main/scala/sexpr/parser/SExprParser.scala:29:10: not found: value Success[0m
[0m[[0m[31merror[0m] [0m[0m    case Success(sexpr, _) => sexpr[0m
[0m[[0m[31merror[0m] [0m[0m         ^[0m
[0m[[0m[0mdebug[0m] [0m[0mjsonRpcNotify: JsonRpcNotificationMessage(2.0, build/logMessage, {"type":1,"message":"/home/ubuntu/Leonardo/Programação/Scala/Interpretador/src/main/scala/sexpr/parser/SExprParser.scala:29:10: not found: value Success"})[0m
[0m[[0m[0mdebug[0m] [0m[0mjsonRpcNotify: JsonRpcNotificationMessage(2.0, build/logMessage, {"type":1,"message":"    case Success(sexpr, _) => sexpr"})[0m
[0m[[0m[0mdebug[0m] [0m[0mjsonRpcNotify: JsonRpcNotificationMessage(2.0, build/logMessage, {"type":1,"message":"         ^"})[0m
[0m[[0m[0mdebug[0m] [0m[0mjsonRpcNotify: JsonRpcNotificationMessage(2.0, build/publishDiagnostics, {"textDocument":{"uri":"file:///home/ubuntu/Leonardo/Programa%C3%A7%C3%A3o/Scala/Interpretador/src/main/scala/sexpr/parser/SExprParser.scala"},"buildTarget":{"uri":"file:/home/ubuntu/Leonardo/Programa%C3%A7%C3%A3o/Scala/Interpretador/#interpretador/Compile"},"diagnostics":[{"range":{"start":{"line":29,"character":9},"end":{"line":29,"character":10}},"severity":1,"source":"sbt","message":"not found: value Failure"}],"reset":false})[0m
[0m[[0m[31merror[0m] [0m[0m/home/ubuntu/Leonardo/Programação/Scala/Interpretador/src/main/scala/sexpr/parser/SExprParser.scala:30:10: not found: value Failure[0m
[0m[[0m[31merror[0m] [0m[0m    case Failure(msg, _)   => throw SExprParserException(msg)[0m
[0m[[0m[31merror[0m] [0m[0m         ^[0m
[0m[[0m[0mdebug[0m] [0m[0mjsonRpcNotify: JsonRpcNotificationMessage(2.0, build/logMessage, {"type":1,"message":"/home/ubuntu/Leonardo/Programação/Scala/Interpretador/src/main/scala/sexpr/parser/SExprParser.scala:30:10: not found: value Failure"})[0m
[0m[[0m[0mdebug[0m] [0m[0mjsonRpcNotify: JsonRpcNotificationMessage(2.0, build/logMessage, {"type":1,"message":"    case Failure(msg, _)   => throw SExprParserException(msg)"})[0m
[0m[[0m[0mdebug[0m] [0m[0mjsonRpcNotify: JsonRpcNotificationMessage(2.0, build/logMessage, {"type":1,"message":"         ^"})[0m
[0m[[0m[0mdebug[0m] [0m[0mjsonRpcNotify: JsonRpcNotificationMessage(2.0, build/publishDiagnostics, {"textDocument":{"uri":"file:///home/ubuntu/Leonardo/Programa%C3%A7%C3%A3o/Scala/Interpretador/src/main/scala/sexpr/parser/SExprParser.scala"},"buildTarget":{"uri":"file:/home/ubuntu/Leonardo/Programa%C3%A7%C3%A3o/Scala/Interpretador/#interpretador/Compile"},"diagnostics":[{"range":{"start":{"line":30,"character":9},"end":{"line":30,"character":10}},"severity":1,"source":"sbt","message":"class Error is not a case class, nor does it have an unapply/unapplySeq member"}],"reset":false})[0m
[0m[[0m[31merror[0m] [0m[0m/home/ubuntu/Leonardo/Programação/Scala/Interpretador/src/main/scala/sexpr/parser/SExprParser.scala:31:10: class Error is not a case class, nor does it have an unapply/unapplySeq member[0m
[0m[[0m[31merror[0m] [0m[0m    case Error(msg, _)     => throw SExprParserException(msg)[0m
[0m[[0m[31merror[0m] [0m[0m         ^[0m
[0m[[0m[0mdebug[0m] [0m[0mjsonRpcNotify: JsonRpcNotificationMessage(2.0, build/logMessage, {"type":1,"message":"/home/ubuntu/Leonardo/Programação/Scala/Interpretador/src/main/scala/sexpr/parser/SExprParser.scala:31:10: class Error is not a case class, nor does it have an unapply/unapplySeq member"})[0m
[0m[[0m[0mdebug[0m] [0m[0mjsonRpcNotify: JsonRpcNotificationMessage(2.0, build/logMessage, {"type":1,"message":"    case Error(msg, _)     => throw SExprParserException(msg)"})[0m
[0m[[0m[0mdebug[0m] [0m[0mjsonRpcNotify: JsonRpcNotificationMessage(2.0, build/logMessage, {"type":1,"message":"         ^"})[0m
[0m[[0m[0mdebug[0m] [0m[0mjsonRpcNotify: JsonRpcNotificationMessage(2.0, build/taskProgress, {"taskId":{"id":"25","parents":[]},"eventTime":1644443908960,"message":"Compiling interpretador (15%)","total":52,"progress":15,"dataKind":"compile-progress","data":{"target":{"uri":"file:/home/ubuntu/Leonardo/Programa%C3%A7%C3%A3o/Scala/Interpretador/#interpretador/Compile"}}})[0m
[0m[[0m[0mdebug[0m] [0m[0mjsonRpcNotify: JsonRpcNotificationMessage(2.0, build/taskProgress, {"taskId":{"id":"25","parents":[]},"eventTime":1644443908960,"message":"Compiling interpretador (15%)","total":52,"progress":15,"dataKind":"compile-progress","data":{"target":{"uri":"file:/home/ubuntu/Leonardo/Programa%C3%A7%C3%A3o/Scala/Interpretador/#interpretador/Compile"}}})[0m
[0m[[0m[31merror[0m] [0m[0m23 errors found[0m
[0m[[0m[0mdebug[0m] [0m[0mjsonRpcNotify: JsonRpcNotificationMessage(2.0, build/logMessage, {"type":1,"message":"23 errors found"})[0m
[0m[[0m[0mdebug[0m] [0m[0mjsonRpcNotify: JsonRpcNotificationMessage(2.0, build/publishDiagnostics, {"textDocument":{"uri":"file:///home/ubuntu/Leonardo/Programa%C3%A7%C3%A3o/Scala/Interpretador/src/main/scala/Main.scala"},"buildTarget":{"uri":"file:/home/ubuntu/Leonardo/Programa%C3%A7%C3%A3o/Scala/Interpretador/#interpretador/Compile"},"diagnostics":[],"reset":true})[0m
[0m[[0m[0mdebug[0m] [0m[0mjsonRpcNotify: JsonRpcNotificationMessage(2.0, build/publishDiagnostics, {"textDocument":{"uri":"file:///home/ubuntu/Leonardo/Programa%C3%A7%C3%A3o/Scala/Interpretador/src/main/scala/sewlang/util/FileReader.scala"},"buildTarget":{"uri":"file:/home/ubuntu/Leonardo/Programa%C3%A7%C3%A3o/Scala/Interpretador/#interpretador/Compile"},"diagnostics":[],"reset":true})[0m
[0m[[0m[0mdebug[0m] [0m[0mjsonRpcNotify: JsonRpcNotificationMessage(2.0, build/publishDiagnostics, {"textDocument":{"uri":"file:///home/ubuntu/Leonardo/Programa%C3%A7%C3%A3o/Scala/Interpretador/src/main/scala/sewlang/exception/ExpExceptions.scala"},"buildTarget":{"uri":"file:/home/ubuntu/Leonardo/Programa%C3%A7%C3%A3o/Scala/Interpretador/#interpretador/Compile"},"diagnostics":[],"reset":true})[0m
[0m[[0m[0mdebug[0m] [0m[0mjsonRpcNotify: JsonRpcNotificationMessage(2.0, build/publishDiagnostics, {"textDocument":{"uri":"file:///home/ubuntu/Leonardo/Programa%C3%A7%C3%A3o/Scala/Interpretador/src/main/scala/sewlang/runner/ExpFileRunner.scala"},"buildTarget":{"uri":"file:/home/ubuntu/Leonardo/Programa%C3%A7%C3%A3o/Scala/Interpretador/#interpretador/Compile"},"diagnostics":[],"reset":true})[0m
[0m[[0m[0mdebug[0m] [0m[0mjsonRpcNotify: JsonRpcNotificationMessage(2.0, build/publishDiagnostics, {"textDocument":{"uri":"file:///home/ubuntu/Leonardo/Programa%C3%A7%C3%A3o/Scala/Interpretador/src/main/scala/sewlang/parser/ExpParser.scala"},"buildTarget":{"uri":"file:/home/ubuntu/Leonardo/Programa%C3%A7%C3%A3o/Scala/Interpretador/#interpretador/Compile"},"diagnostics":[],"reset":true})[0m
[0m[[0m[0mdebug[0m] [0m[0mjsonRpcNotify: JsonRpcNotificationMessage(2.0, build/publishDiagnostics, {"textDocument":{"uri":"file:///home/ubuntu/Leonardo/Programa%C3%A7%C3%A3o/Scala/Interpretador/src/main/scala/sewlang/parser/ExpDesugar.scala"},"buildTarget":{"uri":"file:/home/ubuntu/Leonardo/Programa%C3%A7%C3%A3o/Scala/Interpretador/#interpretador/Compile"},"diagnostics":[],"reset":true})[0m
[0m[[0m[0mdebug[0m] [0m[0mjsonRpcNotify: JsonRpcNotificationMessage(2.0, build/publishDiagnostics, {"textDocument":{"uri":"file:///home/ubuntu/Leonardo/Programa%C3%A7%C3%A3o/Scala/Interpretador/src/main/scala/sewlang/interpreter/ExpInterpreter.scala"},"buildTarget":{"uri":"file:/home/ubuntu/Leonardo/Programa%C3%A7%C3%A3o/Scala/Interpretador/#interpretador/Compile"},"diagnostics":[{"range":{"start":{"line":60,"character":50},"end":{"line":60,"character":51}},"severity":1,"source":"sbt","message":"not found: value readString"}],"reset":true})[0m
[0m[[0m[0mdebug[0m] [0m[0mjsonRpcNotify: JsonRpcNotificationMessage(2.0, build/publishDiagnostics, {"textDocument":{"uri":"file:///home/ubuntu/Leonardo/Programa%C3%A7%C3%A3o/Scala/Interpretador/src/main/scala/sewlang/interpreter/Value.scala"},"buildTarget":{"uri":"file:/home/ubuntu/Leonardo/Programa%C3%A7%C3%A3o/Scala/Interpretador/#interpretador/Compile"},"diagnostics":[],"reset":true})[0m
[0m[[0m[0mdebug[0m] [0m[0mjsonRpcNotify: JsonRpcNotificationMessage(2.0, build/publishDiagnostics, {"textDocument":{"uri":"file:///home/ubuntu/Leonardo/Programa%C3%A7%C3%A3o/Scala/Interpretador/src/main/scala/sewlang/interpreter/Environment.scala"},"buildTarget":{"uri":"file:/home/ubuntu/Leonardo/Programa%C3%A7%C3%A3o/Scala/Interpretador/#interpretador/Compile"},"diagnostics":[],"reset":true})[0m
[0m[[0m[0mdebug[0m] [0m[0mjsonRpcNotify: JsonRpcNotificationMessage(2.0, build/publishDiagnostics, {"textDocument":{"uri":"file:///home/ubuntu/Leonardo/Programa%C3%A7%C3%A3o/Scala/Interpretador/src/main/scala/sewlang/ast/Exp.scala"},"buildTarget":{"uri":"file:/home/ubuntu/Leonardo/Programa%C3%A7%C3%A3o/Scala/Interpretador/#interpretador/Compile"},"diagnostics":[],"reset":true})[0m
[0m[[0m[0mdebug[0m] [0m[0mjsonRpcNotify: JsonRpcNotificationMessage(2.0, build/publishDiagnostics, {"textDocument":{"uri":"file:///home/ubuntu/Leonardo/Programa%C3%A7%C3%A3o/Scala/Interpretador/src/main/scala/sexpr/exception/SExprParserException.scala"},"buildTarget":{"uri":"file:/home/ubuntu/Leonardo/Programa%C3%A7%C3%A3o/Scala/Interpretador/#interpretador/Compile"},"diagnostics":[],"reset":true})[0m
[0m[[0m[0mdebug[0m] [0m[0mjsonRpcNotify: JsonRpcNotificationMessage(2.0, build/publishDiagnostics, {"textDocument":{"uri":"file:///home/ubuntu/Leonardo/Programa%C3%A7%C3%A3o/Scala/Interpretador/src/main/scala/sexpr/parser/SExprParser.scala"},"buildTarget":{"uri":"file:/home/ubuntu/Leonardo/Programa%C3%A7%C3%A3o/Scala/Interpretador/#interpretador/Compile"},"diagnostics":[{"range":{"start":{"line":2,"character":18},"end":{"line":2,"character":19}},"severity":1,"source":"sbt","message":"object parsing is not a member of package util"},{"range":{"start":{"line":7,"character":27},"end":{"line":7,"character":28}},"severity":1,"source":"sbt","message":"not found: type RegexParsers"},{"range":{"start":{"line":9,"character":14},"end":{"line":9,"character":15}},"severity":1,"source":"sbt","message":"not found: type Parser"},{"range":{"start":{"line":9,"character":60},"end":{"line":9,"character":62}},"severity":1,"source":"sbt","message":"value ^^ is not a member of scala.util.matching.Regex"},{"range":{"start":{"line":11,"character":14},"end":{"line":11,"character":15}},"severity":1,"source":"sbt","message":"not found: type Parser"},{"range":{"start":{"line":11,"character":53},"end":{"line":11,"character":55}},"severity":1,"source":"sbt","message":"value ^^ is not a member of scala.util.matching.Regex"},{"range":{"start":{"line":13,"character":14},"end":{"line":13,"character":15}},"severity":1,"source":"sbt","message":"not found: type Parser"},{"range":{"start":{"line":13,"character":53},"end":{"line":13,"character":55}},"severity":1,"source":"sbt","message":"value ^^ is not a member of scala.util.matching.Regex"},{"range":{"start":{"line":15,"character":12},"end":{"line":15,"character":13}},"severity":1,"source":"sbt","message":"not found: type Parser"},{"range":{"start":{"line":17,"character":13},"end":{"line":17,"character":14}},"severity":1,"source":"sbt","message":"not found: type Parser"},{"range":{"start":{"line":15,"character":32},"end":{"line":15,"character":34}},"severity":1,"source":"sbt","message":"value ~> is not a member of String"},{"range":{"start":{"line":15,"character":35},"end":{"line":15,"character":36}},"severity":1,"source":"sbt","message":"not found: value rep"},{"range":{"start":{"line":19,"character":17},"end":{"line":19,"character":18}},"severity":1,"source":"sbt","message":"not found: type Parser"},{"range":{"start":{"line":19,"character":39},"end":{"line":19,"character":40}},"severity":1,"source":"sbt","message":"not found: value rep"},{"range":{"start":{"line":21,"character":42},"end":{"line":21,"character":43}},"severity":1,"source":"sbt","message":"value parseAll is not a member of AnyRef"},{"range":{"start":{"line":22,"character":9},"end":{"line":22,"character":10}},"severity":1,"source":"sbt","message":"not found: value Success"},{"range":{"start":{"line":23,"character":9},"end":{"line":23,"character":10}},"severity":1,"source":"sbt","message":"not found: value Failure"},{"range":{"start":{"line":24,"character":9},"end":{"line":24,"character":10}},"severity":1,"source":"sbt","message":"class Error is not a case class, nor does it have an unapply/unapplySeq member"},{"range":{"start":{"line":27,"character":52},"end":{"line":27,"character":53}},"severity":1,"source":"sbt","message":"value parseAll is not a member of AnyRef"},{"range":{"start":{"line":28,"character":9},"end":{"line":28,"character":10}},"severity":1,"source":"sbt","message":"not found: value Success"},{"range":{"start":{"line":29,"character":9},"end":{"line":29,"character":10}},"severity":1,"source":"sbt","message":"not found: value Failure"},{"range":{"start":{"line":30,"character":9},"end":{"line":30,"character":10}},"severity":1,"source":"sbt","message":"class Error is not a case class, nor does it have an unapply/unapplySeq member"}],"reset":true})[0m
[0m[[0m[0mdebug[0m] [0m[0mjsonRpcNotify: JsonRpcNotificationMessage(2.0, build/publishDiagnostics, {"textDocument":{"uri":"file:///home/ubuntu/Leonardo/Programa%C3%A7%C3%A3o/Scala/Interpretador/src/main/scala/sexpr/ast/SExpr.scala"},"buildTarget":{"uri":"file:/home/ubuntu/Leonardo/Programa%C3%A7%C3%A3o/Scala/Interpretador/#interpretador/Compile"},"diagnostics":[],"reset":true})[0m
[0m[[0m[0mdebug[0m] [0m[0mjsonRpcNotify: JsonRpcNotificationMessage(2.0, build/taskFinish, {"taskId":{"id":"25","parents":[]},"eventTime":1644443908979,"message":"Compiled interpretador","status":2,"dataKind":"compile-report","data":{"target":{"uri":"file:/home/ubuntu/Leonardo/Programa%C3%A7%C3%A3o/Scala/Interpretador/#interpretador/Compile"},"errors":23,"warnings":0,"time":1091}})[0m
[0m[[0m[0mdebug[0m] [0m[0munmatched json error for requestId None: {"code":-32603,"message":"(Compile / \u001b[31mcompileIncremental\u001b[0m) Compilation failed"}[0m
[0m[[0m[31merror[0m] [0m[0m(Compile / [31mcompileIncremental[0m) Compilation failed[0m
[0m[[0m[0mdebug[0m] [0m[0mjsonRpcNotify: JsonRpcNotificationMessage(2.0, build/logMessage, {"type":1,"message":"(Compile / \u001b[31mcompileIncremental\u001b[0m) Compilation failed"})[0m
[0m[[0m[31merror[0m] [0m[0mTotal time: 1 s, completed 9 de fev. de 2022 18:58:29[0m
[0m[[0m[0mdebug[0m] [0m[0munmatched Done event for requestId None: None[0m
[0m[[0m[0mdebug[0m] [0m[0m> Exec(shell, None, None)[0m
