2022.02.08 17:54:10 INFO  tracing is disabled for protocol LSP, to enable tracing of incoming and outgoing JSON messages create an empty file at /home/ubuntu/Leonardo/Programação/Scala/Interpretador/.metals/lsp.trace.json or /home/ubuntu/.cache/metals/lsp.trace.json
2022.02.08 17:54:12 INFO  logging to file /home/ubuntu/Leonardo/Programação/Scala/Interpretador/.metals/metals.log
2022.02.08 17:54:12 INFO  Started: Metals version 0.11.1 in workspace '/home/ubuntu/Leonardo/Programação/Scala/Interpretador' for client Visual Studio Code 1.63.2.
2022.02.08 17:54:12 INFO  Parse release: 17.0.1
2022.02.08 17:54:26 INFO  time: initialize in 14s
2022.02.08 17:54:28 WARN  Build server is not auto-connectable.
2022.02.08 17:54:28 WARN  no build tool detected in workspace '/home/ubuntu/Leonardo/Programação/Scala/Interpretador'. The most common cause for this problem is that the editor was opened in the wrong working directory, for example if you use sbt then the workspace directory should contain build.sbt. 
2022.02.08 17:54:29 WARN  no build target for: /home/ubuntu/Leonardo/Programação/Scala/Interpretador/src/main/scala/Main.scala
2022.02.08 17:54:38 INFO  no build target found for /home/ubuntu/Leonardo/Programação/Scala/Interpretador/src/main/scala/Main.scala. Using presentation compiler with project's scala-library version: 3.1.0
2022.02.08 17:54:42 INFO  time: code lens generation in 12s
2022.02.08 23:50:58 INFO  shutting down Metals
2022.02.09 12:11:13 INFO  tracing is disabled for protocol LSP, to enable tracing of incoming and outgoing JSON messages create an empty file at /home/ubuntu/Leonardo/Programação/Scala/Interpretador/.metals/lsp.trace.json or /home/ubuntu/.cache/metals/lsp.trace.json
2022.02.09 12:11:14 INFO  logging to file /home/ubuntu/Leonardo/Programação/Scala/Interpretador/.metals/metals.log
2022.02.09 12:11:14 INFO  Started: Metals version 0.11.1 in workspace '/home/ubuntu/Leonardo/Programação/Scala/Interpretador' for client Visual Studio Code 1.63.2.
2022.02.09 12:11:14 INFO  Parse release: 17.0.1
2022.02.09 12:11:20 INFO  time: initialize in 6.01s
2022.02.09 12:11:21 WARN  Build server is not auto-connectable.
2022.02.09 12:11:22 WARN  no build target for: /home/ubuntu/Leonardo/Programação/Scala/Interpretador/src/main/scala/Main.scala
2022.02.09 12:11:22 INFO  skipping build import with status 'Requested'
2022.02.09 12:11:40 INFO  no build target found for /home/ubuntu/Leonardo/Programação/Scala/Interpretador/src/main/scala/Main.scala. Using presentation compiler with project's scala-library version: 3.1.0
2022.02.09 14:54:51 INFO  shutting down Metals
2022.02.09 15:19:17 INFO  tracing is disabled for protocol LSP, to enable tracing of incoming and outgoing JSON messages create an empty file at /home/ubuntu/Leonardo/Programação/Scala/Interpretador/.metals/lsp.trace.json or /home/ubuntu/.cache/metals/lsp.trace.json
2022.02.09 15:19:19 INFO  logging to file /home/ubuntu/Leonardo/Programação/Scala/Interpretador/.metals/metals.log
2022.02.09 15:19:19 INFO  Started: Metals version 0.11.1 in workspace '/home/ubuntu/Leonardo/Programação/Scala/Interpretador' for client Visual Studio Code 1.63.2.
2022.02.09 15:19:19 INFO  Parse release: 17.0.1
2022.02.09 15:19:30 INFO  time: initialize in 11s
2022.02.09 15:19:31 WARN  Build server is not auto-connectable.
2022.02.09 15:19:32 INFO  skipping build import with status 'Requested'
2022.02.09 15:19:32 WARN  no build target for: /home/ubuntu/Leonardo/Programação/Scala/Interpretador/src/main/scala/Main.scala
2022.02.09 15:19:47 INFO  no build target found for /home/ubuntu/Leonardo/Programação/Scala/Interpretador/src/main/scala/Main.scala. Using presentation compiler with project's scala-library version: 3.1.0
2022.02.09 15:19:51 INFO  time: code lens generation in 17s
2022.02.09 15:51:24 WARN  no build target for: /home/ubuntu/Leonardo/Programação/Scala/Interpretador/src/main/scala/sewlang/ast/Exp.scala
2022.02.09 15:51:28 INFO  time: code lens generation in 2.38s
2022.02.09 15:51:31 WARN  no build target for: /home/ubuntu/Leonardo/Programação/Scala/Interpretador/src/main/scala/sexpr/ast/SExpr.scala
2022.02.09 15:51:33 WARN  no build target for: /home/ubuntu/Leonardo/Programação/Scala/Interpretador/src/main/scala/sexpr/parser/SExprParser.scala
2022.02.09 15:51:37 INFO  time: code lens generation in 3.1s
2022.02.09 15:59:39 WARN  no build target for: /home/ubuntu/Leonardo/Programação/Scala/Interpretador/src/main/scala/sewlang/interpreter/ExpInterpreter.scala
2022.02.09 15:59:43 INFO  time: code lens generation in 2.35s
2022.02.09 16:02:45 WARN  no build target for: /home/ubuntu/Leonardo/Programação/Scala/Interpretador/src/main/scala/sewlang/ast/Exp.scala
2022.02.09 16:02:56 WARN  no build target for: /home/ubuntu/Leonardo/Programação/Scala/Interpretador/src/main/scala/sewlang/exception/ExpExceptions.scala
2022.02.09 16:02:58 WARN  no build target for: /home/ubuntu/Leonardo/Programação/Scala/Interpretador/src/main/scala/sewlang/interpreter/Environment.scala
2022.02.09 16:03:00 WARN  no build target for: /home/ubuntu/Leonardo/Programação/Scala/Interpretador/src/main/scala/sewlang/interpreter/ExpInterpreter.scala
fev. 09, 2022 4:03:00 PM org.eclipse.lsp4j.jsonrpc.RemoteEndpoint handleCancellation
WARNING: Unmatched cancel notification for request id 53
2022.02.09 16:03:02 WARN  no build target for: /home/ubuntu/Leonardo/Programação/Scala/Interpretador/src/main/scala/sewlang/interpreter/Environment.scala
2022.02.09 16:03:05 WARN  no build target for: /home/ubuntu/Leonardo/Programação/Scala/Interpretador/src/main/scala/sewlang/interpreter/ExpInterpreter.scala
2022.02.09 16:03:11 WARN  no build target for: /home/ubuntu/Leonardo/Programação/Scala/Interpretador/src/main/scala/sewlang/interpreter/Value.scala
2022.02.09 16:03:15 WARN  no build target for: /home/ubuntu/Leonardo/Programação/Scala/Interpretador/src/main/scala/sewlang/parser/ExpDesugar.scala
2022.02.09 16:03:18 WARN  no build target for: /home/ubuntu/Leonardo/Programação/Scala/Interpretador/src/main/scala/sewlang/parser/ExpParser.scala
2022.02.09 16:03:46 WARN  no build target for: /home/ubuntu/Leonardo/Programação/Scala/Interpretador/src/main/scala/sewlang/runner/ExpFileRunner.scala
2022.02.09 16:03:48 WARN  no build target for: /home/ubuntu/Leonardo/Programação/Scala/Interpretador/src/main/scala/sewlang/util/FileReader.scala
2022.02.09 16:03:50 WARN  no build target for: /home/ubuntu/Leonardo/Programação/Scala/Interpretador/src/main/scala/sexpr/ast/SExpr.scala
2022.02.09 16:03:51 WARN  no build target for: /home/ubuntu/Leonardo/Programação/Scala/Interpretador/src/main/scala/sexpr/exception/SExprParserException.scala
2022.02.09 16:03:53 WARN  no build target for: /home/ubuntu/Leonardo/Programação/Scala/Interpretador/src/main/scala/sexpr/parser/SExprParser.scala
2022.02.09 16:03:54 WARN  no build target for: /home/ubuntu/Leonardo/Programação/Scala/Interpretador/src/main/scala/Main.scala
2022.02.09 16:06:05 WARN  no build target for: /home/ubuntu/Leonardo/Programação/Scala/Interpretador/src/main/scala/sewlang/interpreter/ExpInterpreter.scala
2022.02.09 16:50:53 WARN  no build target for: /home/ubuntu/Leonardo/Programação/Scala/Interpretador/src/main/scala/sewlang/ast/Exp.scala
2022.02.09 16:51:05 WARN  no build target for: /home/ubuntu/Leonardo/Programação/Scala/Interpretador/src/main/scala/sewlang/ast/Exp.scala
2022.02.09 16:51:07 WARN  no build target for: /home/ubuntu/Leonardo/Programação/Scala/Interpretador/src/main/scala/sewlang/ast/Exp.scala
2022.02.09 16:51:09 WARN  no build target for: /home/ubuntu/Leonardo/Programação/Scala/Interpretador/src/main/scala/sewlang/ast/Exp.scala
2022.02.09 16:51:11 WARN  no build target for: /home/ubuntu/Leonardo/Programação/Scala/Interpretador/src/main/scala/sewlang/ast/Exp.scala
2022.02.09 16:51:13 WARN  no build target for: /home/ubuntu/Leonardo/Programação/Scala/Interpretador/src/main/scala/sewlang/ast/Exp.scala
2022.02.09 16:51:15 WARN  no build target for: /home/ubuntu/Leonardo/Programação/Scala/Interpretador/src/main/scala/sewlang/ast/Exp.scala
2022.02.09 16:51:18 WARN  no build target for: /home/ubuntu/Leonardo/Programação/Scala/Interpretador/src/main/scala/sewlang/ast/Exp.scala
2022.02.09 16:51:24 WARN  no build target for: /home/ubuntu/Leonardo/Programação/Scala/Interpretador/src/main/scala/sewlang/ast/Exp.scala
2022.02.09 16:51:26 WARN  no build target for: /home/ubuntu/Leonardo/Programação/Scala/Interpretador/src/main/scala/sewlang/ast/Exp.scala
2022.02.09 16:51:29 WARN  no build target for: /home/ubuntu/Leonardo/Programação/Scala/Interpretador/src/main/scala/sewlang/exception/ExpExceptions.scala
2022.02.09 16:51:30 WARN  no build target for: /home/ubuntu/Leonardo/Programação/Scala/Interpretador/src/main/scala/sewlang/interpreter/Environment.scala
2022.02.09 16:51:32 WARN  no build target for: /home/ubuntu/Leonardo/Programação/Scala/Interpretador/src/main/scala/sewlang/interpreter/ExpInterpreter.scala
2022.02.09 16:51:38 WARN  no build target for: /home/ubuntu/Leonardo/Programação/Scala/Interpretador/src/main/scala/sewlang/interpreter/ExpInterpreter.scala
2022.02.09 16:51:40 WARN  no build target for: /home/ubuntu/Leonardo/Programação/Scala/Interpretador/src/main/scala/sewlang/interpreter/ExpInterpreter.scala
2022.02.09 16:51:42 WARN  no build target for: /home/ubuntu/Leonardo/Programação/Scala/Interpretador/src/main/scala/sewlang/interpreter/ExpInterpreter.scala
2022.02.09 16:51:44 WARN  no build target for: /home/ubuntu/Leonardo/Programação/Scala/Interpretador/src/main/scala/sewlang/interpreter/ExpInterpreter.scala
2022.02.09 16:51:46 WARN  no build target for: /home/ubuntu/Leonardo/Programação/Scala/Interpretador/src/main/scala/sewlang/interpreter/ExpInterpreter.scala
2022.02.09 16:51:48 WARN  no build target for: /home/ubuntu/Leonardo/Programação/Scala/Interpretador/src/main/scala/sewlang/interpreter/ExpInterpreter.scala
2022.02.09 16:51:51 WARN  no build target for: /home/ubuntu/Leonardo/Programação/Scala/Interpretador/src/main/scala/sewlang/interpreter/ExpInterpreter.scala
2022.02.09 16:51:55 WARN  no build target for: /home/ubuntu/Leonardo/Programação/Scala/Interpretador/src/main/scala/sewlang/interpreter/ExpInterpreter.scala
2022.02.09 16:51:57 WARN  no build target for: /home/ubuntu/Leonardo/Programação/Scala/Interpretador/src/main/scala/sewlang/interpreter/ExpInterpreter.scala
2022.02.09 16:52:07 WARN  no build target for: /home/ubuntu/Leonardo/Programação/Scala/Interpretador/src/main/scala/sewlang/interpreter/Value.scala
2022.02.09 16:52:12 WARN  no build target for: /home/ubuntu/Leonardo/Programação/Scala/Interpretador/src/main/scala/sewlang/parser/ExpDesugar.scala
2022.02.09 16:52:16 WARN  no build target for: /home/ubuntu/Leonardo/Programação/Scala/Interpretador/src/main/scala/sewlang/parser/ExpDesugar.scala
2022.02.09 16:52:22 WARN  no build target for: /home/ubuntu/Leonardo/Programação/Scala/Interpretador/src/main/scala/sewlang/parser/ExpDesugar.scala
2022.02.09 16:52:25 WARN  no build target for: /home/ubuntu/Leonardo/Programação/Scala/Interpretador/src/main/scala/sewlang/parser/ExpDesugar.scala
2022.02.09 16:52:27 WARN  no build target for: /home/ubuntu/Leonardo/Programação/Scala/Interpretador/src/main/scala/sewlang/parser/ExpDesugar.scala
2022.02.09 16:52:29 WARN  no build target for: /home/ubuntu/Leonardo/Programação/Scala/Interpretador/src/main/scala/sewlang/parser/ExpDesugar.scala
2022.02.09 16:52:32 WARN  no build target for: /home/ubuntu/Leonardo/Programação/Scala/Interpretador/src/main/scala/sewlang/parser/ExpDesugar.scala
2022.02.09 16:52:39 WARN  no build target for: /home/ubuntu/Leonardo/Programação/Scala/Interpretador/src/main/scala/sewlang/parser/ExpDesugar.scala
2022.02.09 16:52:44 WARN  no build target for: /home/ubuntu/Leonardo/Programação/Scala/Interpretador/src/main/scala/sewlang/runner/ExpFileRunner.scala
2022.02.09 16:52:45 WARN  no build target for: /home/ubuntu/Leonardo/Programação/Scala/Interpretador/src/main/scala/sewlang/parser/ExpParser.scala
2022.02.09 16:52:51 WARN  no build target for: /home/ubuntu/Leonardo/Programação/Scala/Interpretador/src/main/scala/sewlang/parser/ExpParser.scala
2022.02.09 16:52:53 WARN  no build target for: /home/ubuntu/Leonardo/Programação/Scala/Interpretador/src/main/scala/sewlang/parser/ExpParser.scala
2022.02.09 16:52:55 WARN  no build target for: /home/ubuntu/Leonardo/Programação/Scala/Interpretador/src/main/scala/sewlang/parser/ExpParser.scala
2022.02.09 16:52:58 WARN  no build target for: /home/ubuntu/Leonardo/Programação/Scala/Interpretador/src/main/scala/sewlang/parser/ExpParser.scala
2022.02.09 16:53:00 WARN  no build target for: /home/ubuntu/Leonardo/Programação/Scala/Interpretador/src/main/scala/sewlang/parser/ExpParser.scala
2022.02.09 16:53:01 WARN  no build target for: /home/ubuntu/Leonardo/Programação/Scala/Interpretador/src/main/scala/sewlang/parser/ExpParser.scala
2022.02.09 16:53:04 WARN  no build target for: /home/ubuntu/Leonardo/Programação/Scala/Interpretador/src/main/scala/sewlang/parser/ExpParser.scala
2022.02.09 16:53:08 WARN  no build target for: /home/ubuntu/Leonardo/Programação/Scala/Interpretador/src/main/scala/sewlang/parser/ExpParser.scala
2022.02.09 16:53:10 WARN  no build target for: /home/ubuntu/Leonardo/Programação/Scala/Interpretador/src/main/scala/sewlang/parser/ExpParser.scala
2022.02.09 16:53:13 WARN  no build target for: /home/ubuntu/Leonardo/Programação/Scala/Interpretador/src/main/scala/sewlang/parser/ExpParser.scala
2022.02.09 16:53:17 WARN  no build target for: /home/ubuntu/Leonardo/Programação/Scala/Interpretador/src/main/scala/sewlang/parser/ExpParser.scala
2022.02.09 16:53:23 WARN  no build target for: /home/ubuntu/Leonardo/Programação/Scala/Interpretador/src/main/scala/sewlang/parser/ExpParser.scala
2022.02.09 16:53:26 WARN  no build target for: /home/ubuntu/Leonardo/Programação/Scala/Interpretador/src/main/scala/sewlang/parser/ExpParser.scala
2022.02.09 16:53:30 WARN  no build target for: /home/ubuntu/Leonardo/Programação/Scala/Interpretador/src/main/scala/sewlang/runner/ExpFileRunner.scala
2022.02.09 16:53:32 WARN  no build target for: /home/ubuntu/Leonardo/Programação/Scala/Interpretador/src/main/scala/sewlang/util/FileReader.scala
2022.02.09 16:53:34 WARN  no build target for: /home/ubuntu/Leonardo/Programação/Scala/Interpretador/src/main/scala/sexpr/ast/SExpr.scala
2022.02.09 16:53:36 WARN  no build target for: /home/ubuntu/Leonardo/Programação/Scala/Interpretador/src/main/scala/sexpr/exception/SExprParserException.scala
2022.02.09 16:53:37 WARN  no build target for: /home/ubuntu/Leonardo/Programação/Scala/Interpretador/src/main/scala/sexpr/parser/SExprParser.scala
2022.02.09 16:53:47 WARN  no build target for: /home/ubuntu/Leonardo/Programação/Scala/Interpretador/src/main/scala/Main.scala
2022.02.09 16:53:50 WARN  no build target for: /home/ubuntu/Leonardo/Programação/Scala/Interpretador/src/main/scala/Main.scala
2022.02.09 16:53:54 WARN  no build target for: /home/ubuntu/Leonardo/Programação/Scala/Interpretador/src/main/scala/Main.scala
2022.02.09 16:54:59 WARN  no build target for: /home/ubuntu/Leonardo/Programação/Scala/Interpretador/src/main/scala/Main.scala
2022.02.09 16:55:14 WARN  no build target for: /home/ubuntu/Leonardo/Programação/Scala/Interpretador/src/main/scala/Main.scala
2022.02.09 16:56:36 WARN  no build target for: /home/ubuntu/Leonardo/Programação/Scala/Interpretador/src/main/scala/sewlang/exception/ExpExceptions.scala
2022.02.09 16:56:38 WARN  no build target for: /home/ubuntu/Leonardo/Programação/Scala/Interpretador/src/main/scala/sewlang/interpreter/Environment.scala
2022.02.09 17:00:12 WARN  no build target for: /home/ubuntu/Leonardo/Programação/Scala/Interpretador/src/main/scala/sewlang/exception/ExpExceptions.scala
2022.02.09 17:54:38 WARN  no build target for: /home/ubuntu/Leonardo/Programação/Scala/Interpretador/src/main/scala/sewlang/ast/Exp.scala
fev. 09, 2022 5:54:39 PM org.eclipse.lsp4j.jsonrpc.RemoteEndpoint handleCancellation
WARNING: Unmatched cancel notification for request id 583
2022.02.09 17:54:40 WARN  no build target for: /home/ubuntu/Leonardo/Programação/Scala/Interpretador/src/main/scala/sewlang/ast/Exp.scala
2022.02.09 17:54:43 WARN  no build target for: /home/ubuntu/Leonardo/Programação/Scala/Interpretador/src/main/scala/sewlang/ast/Exp.scala
2022.02.09 17:54:45 WARN  no build target for: /home/ubuntu/Leonardo/Programação/Scala/Interpretador/src/main/scala/sewlang/ast/Exp.scala
2022.02.09 17:54:49 WARN  no build target for: /home/ubuntu/Leonardo/Programação/Scala/Interpretador/src/main/scala/sewlang/ast/Exp.scala
2022.02.09 17:54:58 WARN  no build target for: /home/ubuntu/Leonardo/Programação/Scala/Interpretador/src/main/scala/sewlang/interpreter/ExpInterpreter.scala
2022.02.09 17:55:00 WARN  no build target for: /home/ubuntu/Leonardo/Programação/Scala/Interpretador/src/main/scala/sewlang/interpreter/ExpInterpreter.scala
2022.02.09 17:55:02 WARN  no build target for: /home/ubuntu/Leonardo/Programação/Scala/Interpretador/src/main/scala/sewlang/interpreter/ExpInterpreter.scala
2022.02.09 17:55:04 WARN  no build target for: /home/ubuntu/Leonardo/Programação/Scala/Interpretador/src/main/scala/sewlang/interpreter/ExpInterpreter.scala
2022.02.09 17:55:09 WARN  no build target for: /home/ubuntu/Leonardo/Programação/Scala/Interpretador/src/main/scala/sewlang/parser/ExpDesugar.scala
2022.02.09 17:55:12 WARN  no build target for: /home/ubuntu/Leonardo/Programação/Scala/Interpretador/src/main/scala/sewlang/parser/ExpDesugar.scala
2022.02.09 17:55:15 WARN  no build target for: /home/ubuntu/Leonardo/Programação/Scala/Interpretador/src/main/scala/sewlang/parser/ExpDesugar.scala
2022.02.09 17:55:21 WARN  no build target for: /home/ubuntu/Leonardo/Programação/Scala/Interpretador/src/main/scala/sewlang/parser/ExpParser.scala
2022.02.09 17:55:23 WARN  no build target for: /home/ubuntu/Leonardo/Programação/Scala/Interpretador/src/main/scala/sewlang/parser/ExpParser.scala
2022.02.09 17:55:26 WARN  no build target for: /home/ubuntu/Leonardo/Programação/Scala/Interpretador/src/main/scala/sewlang/parser/ExpParser.scala
Exception in thread "pool-3-thread-1" java.lang.InterruptedException
	at scala.meta.internal.metals.FutureCancelToken.checkCanceled(FutureCancelToken.scala:29)
	at scala.meta.internal.pc.CompilerAccess.onCompilerJobQueue$$anonfun$1(CompilerAccess.scala:195)
	at scala.meta.internal.pc.CompilerJobQueue$Job.run(CompilerJobQueue.scala:139)
	at java.base/java.util.concurrent.ThreadPoolExecutor.runWorker(ThreadPoolExecutor.java:1136)
	at java.base/java.util.concurrent.ThreadPoolExecutor$Worker.run(ThreadPoolExecutor.java:635)
	at java.base/java.lang.Thread.run(Thread.java:833)
2022.02.09 17:55:27 WARN  no build target for: /home/ubuntu/Leonardo/Programação/Scala/Interpretador/src/main/scala/sewlang/parser/ExpParser.scala
2022.02.09 17:55:30 WARN  no build target for: /home/ubuntu/Leonardo/Programação/Scala/Interpretador/src/main/scala/sewlang/parser/ExpParser.scala
2022.02.09 17:55:32 WARN  no build target for: /home/ubuntu/Leonardo/Programação/Scala/Interpretador/src/main/scala/sewlang/parser/ExpParser.scala
2022.02.09 17:55:35 WARN  no build target for: /home/ubuntu/Leonardo/Programação/Scala/Interpretador/src/main/scala/sewlang/parser/ExpParser.scala
2022.02.09 17:55:50 WARN  no build target for: /home/ubuntu/Leonardo/Programação/Scala/Interpretador/src/main/scala/Main.scala
2022.02.09 18:17:26 WARN  no build target for: /home/ubuntu/Leonardo/Programação/Scala/Interpretador/build.sbt
2022.02.09 18:41:15 INFO  shutting down Metals
2022.02.09 18:44:21 INFO  tracing is disabled for protocol LSP, to enable tracing of incoming and outgoing JSON messages create an empty file at /home/ubuntu/Leonardo/Programação/Scala/Interpretador/.metals/lsp.trace.json or /home/ubuntu/.cache/metals/lsp.trace.json
2022.02.09 18:44:22 INFO  logging to file /home/ubuntu/Leonardo/Programação/Scala/Interpretador/.metals/metals.log
2022.02.09 18:44:22 INFO  Started: Metals version 0.11.1 in workspace '/home/ubuntu/Leonardo/Programação/Scala/Interpretador' for client Visual Studio Code 1.63.2.
2022.02.09 18:44:22 INFO  Parse release: 17.0.1
2022.02.09 18:44:28 INFO  time: initialize in 5.56s
2022.02.09 18:44:29 WARN  Build server is not auto-connectable.
2022.02.09 18:44:30 WARN  no build target for: /home/ubuntu/Leonardo/Programação/Scala/Interpretador/src/main/scala/Main.scala
2022.02.09 18:44:30 WARN  no build target for: /home/ubuntu/Leonardo/Programação/Scala/Interpretador/src/main/scala/sewlang/ast/Exp.scala
2022.02.09 18:44:30 INFO  skipping build import with status 'Requested'
2022.02.09 18:44:40 INFO  no build target found for /home/ubuntu/Leonardo/Programação/Scala/Interpretador/src/main/scala/Main.scala. Using presentation compiler with project's scala-library version: 3.1.0
2022.02.09 18:44:48 INFO  time: code lens generation in 17s
2022.02.09 18:45:04 WARN  no build target for: /home/ubuntu/Leonardo/Programação/Scala/Interpretador/src/main/scala/sewlang/interpreter/ExpInterpreter.scala
2022.02.09 18:45:10 INFO  time: code lens generation in 3.49s
2022.02.09 18:45:11 WARN  no build target for: /home/ubuntu/Leonardo/Programação/Scala/Interpretador/src/main/scala/sewlang/interpreter/ExpInterpreter.scala
2022.02.09 18:45:17 INFO  time: code lens generation in 4.41s
2022.02.09 18:45:17 WARN  no build target for: /home/ubuntu/Leonardo/Programação/Scala/Interpretador/src/main/scala/sewlang/interpreter/ExpInterpreter.scala
fev. 09, 2022 6:45:17 PM org.eclipse.lsp4j.jsonrpc.RemoteEndpoint handleCancellation
WARNING: Unmatched cancel notification for request id 17
fev. 09, 2022 6:45:18 PM org.eclipse.lsp4j.jsonrpc.RemoteEndpoint handleCancellation
WARNING: Unmatched cancel notification for request id 16
fev. 09, 2022 6:45:18 PM org.eclipse.lsp4j.jsonrpc.RemoteEndpoint handleCancellation
WARNING: Unmatched cancel notification for request id 23
2022.02.09 18:45:19 WARN  no build target for: /home/ubuntu/Leonardo/Programação/Scala/Interpretador/src/main/scala/sewlang/interpreter/ExpInterpreter.scala
2022.02.09 18:45:22 INFO  time: code lens generation in 3.42s
2022.02.09 18:45:22 INFO  time: code lens generation in 4.11s
2022.02.09 18:45:25 WARN  no build target for: /home/ubuntu/Leonardo/Programação/Scala/Interpretador/src/main/scala/sewlang/interpreter/ExpInterpreter.scala
2022.02.09 18:45:30 INFO  time: code lens generation in 2.43s
2022.02.09 18:45:35 WARN  no build target for: /home/ubuntu/Leonardo/Programação/Scala/Interpretador/src/main/scala/sewlang/interpreter/ExpInterpreter.scala
2022.02.09 18:48:18 WARN  no build target for: /home/ubuntu/Leonardo/Programação/Scala/Interpretador/src/main/scala/sewlang/interpreter/ExpInterpreter.scala
2022.02.09 18:50:01 WARN  no build target for: /home/ubuntu/Leonardo/Programação/Scala/Interpretador/src/main/scala/sewlang/interpreter/ExpInterpreter.scala
2022.02.09 18:50:07 WARN  no build target for: /home/ubuntu/Leonardo/Programação/Scala/Interpretador/src/main/scala/sewlang/interpreter/ExpInterpreter.scala
2022.02.09 18:50:10 INFO  time: code lens generation in 1.57s
fev. 09, 2022 6:50:10 PM org.eclipse.lsp4j.jsonrpc.RemoteEndpoint handleCancellation
WARNING: Unmatched cancel notification for request id 94
2022.02.09 18:50:10 WARN  no build target for: /home/ubuntu/Leonardo/Programação/Scala/Interpretador/src/main/scala/sewlang/interpreter/ExpInterpreter.scala
2022.02.09 18:50:33 WARN  no build target for: /home/ubuntu/Leonardo/Programação/Scala/Interpretador/src/main/scala/sewlang/interpreter/ExpInterpreter.scala
2022.02.09 18:50:35 INFO  time: code lens generation in 1.67s
fev. 09, 2022 6:50:35 PM org.eclipse.lsp4j.jsonrpc.RemoteEndpoint handleCancellation
WARNING: Unmatched cancel notification for request id 122
2022.02.09 18:50:35 WARN  no build target for: /home/ubuntu/Leonardo/Programação/Scala/Interpretador/src/main/scala/sewlang/interpreter/ExpInterpreter.scala
2022.02.09 18:53:32 WARN  no build target for: /home/ubuntu/Leonardo/Programação/Scala/Interpretador/src/main/scala/sewlang/interpreter/ExpInterpreter.scala
2022.02.09 18:53:34 WARN  no build target for: /home/ubuntu/Leonardo/Programação/Scala/Interpretador/src/main/scala/sewlang/interpreter/ExpInterpreter.scala
2022.02.09 18:53:36 WARN  no build target for: /home/ubuntu/Leonardo/Programação/Scala/Interpretador/src/main/scala/sewlang/interpreter/ExpInterpreter.scala
2022.02.09 18:55:52 WARN  no build target for: /home/ubuntu/Leonardo/Programação/Scala/Interpretador/src/main/scala/sewlang/interpreter/ExpInterpreter.scala
2022.02.09 18:55:59 WARN  no build target for: /home/ubuntu/Leonardo/Programação/Scala/Interpretador/src/main/scala/sewlang/interpreter/ExpInterpreter.scala
2022.02.09 18:56:45 WARN  no build target for: /home/ubuntu/Leonardo/Programação/Scala/Interpretador/src/main/scala/sewlang/interpreter/ExpInterpreter.scala
2022.02.09 18:56:49 WARN  no build target for: /home/ubuntu/Leonardo/Programação/Scala/Interpretador/src/main/scala/sewlang/interpreter/ExpInterpreter.scala
2022.02.09 18:56:59 WARN  no build target for: /home/ubuntu/Leonardo/Programação/Scala/Interpretador/src/main/scala/sewlang/interpreter/ExpInterpreter.scala
2022.02.09 18:57:53 WARN  no build target for: /home/ubuntu/Leonardo/Programação/Scala/Interpretador/src/main/scala/sewlang/interpreter/ExpInterpreter.scala
2022.02.09 18:58:10 WARN  no build target for: /home/ubuntu/Leonardo/Programação/Scala/Interpretador/src/main/scala/sewlang/interpreter/ExpInterpreter.scala
2022.02.09 18:58:17 WARN  no build target for: /home/ubuntu/Leonardo/Programação/Scala/Interpretador/src/main/scala/sewlang/interpreter/ExpInterpreter.scala
2022.02.09 18:58:23 WARN  no build target for: /home/ubuntu/Leonardo/Programação/Scala/Interpretador/src/main/scala/sewlang/interpreter/ExpInterpreter.scala
2022.02.09 18:58:27 WARN  no build target for: /home/ubuntu/Leonardo/Programação/Scala/Interpretador/src/main/scala/sewlang/interpreter/ExpInterpreter.scala
2022.02.09 18:58:34 WARN  no build target for: /home/ubuntu/Leonardo/Programação/Scala/Interpretador/src/main/scala/sewlang/interpreter/ExpInterpreter.scala
